2026-03-29 22:31:52,431 [INFO] [LOAD] Загружено 30 молекул
2026-03-29 22:31:52,431 [INFO] [PROCESS] CHEMBL3957375
2026-03-29 22:31:52,431 [INFO] [PREP] Подготовка молекулы: CHEMBL3957375
2026-03-29 22:31:52,431 [INFO] [PREP] Добавлены водороды: CHEMBL3957375
2026-03-29 22:31:52,431 [INFO] [PREP] Оптимизация геометрии: CHEMBL3957375
2026-03-29 22:31:52,432 [INFO] [CONVERT] Конвертация в PDBQT: CHEMBL3957375
2026-03-29 22:31:52,436 [INFO] [SAVE] Сохранён файл: task_2/output/CHEMBL3957375.pdbqt
2026-03-29 22:31:52,436 [INFO] [SUCCESS] CHEMBL3957375
2026-03-29 22:31:52,436 [INFO] [PROCESS] CHEMBL3104445
2026-03-29 22:31:52,436 [INFO] [PREP] Подготовка молекулы: CHEMBL3104445
2026-03-29 22:31:52,436 [INFO] [PREP] Добавлены водороды: CHEMBL3104445
2026-03-29 22:31:52,436 [INFO] [PREP] Оптимизация геометрии: CHEMBL3104445
2026-03-29 22:31:52,457 [ERROR] [ERROR] CHEMBL3104445: Invariant Violation
	bad direction in linearSearch
	Violation occurred on line 224 in file Code/Numerics/Optimizer/BFGSOpt.h
	Failed Expression: status >= 0
	RDKIT: 2026.03.1
	BOOST: 

2026-03-29 22:31:52,457 [INFO] [PROCESS] CHEMBL3901969
2026-03-29 22:31:52,457 [INFO] [PREP] Подготовка молекулы: CHEMBL3901969
2026-03-29 22:31:52,458 [INFO] [PREP] Добавлены водороды: CHEMBL3901969
2026-03-29 22:31:52,458 [INFO] [PREP] Оптимизация геометрии: CHEMBL3901969
2026-03-29 22:31:52,458 [INFO] [CONVERT] Конвертация в PDBQT: CHEMBL3901969
2026-03-29 22:31:52,461 [INFO] [SAVE] Сохранён файл: task_2/output/CHEMBL3901969.pdbqt
2026-03-29 22:31:52,461 [INFO] [SUCCESS] CHEMBL3901969
2026-03-29 22:31:52,461 [INFO] [PROCESS] CHEMBL4800145
2026-03-29 22:31:52,461 [INFO] [PREP] Подготовка молекулы: CHEMBL4800145
2026-03-29 22:31:52,461 [INFO] [PREP] Добавлены водороды: CHEMBL4800145
2026-03-29 22:31:52,461 [INFO] [PREP] Оптимизация геометрии: CHEMBL4800145
2026-03-29 22:31:52,483 [ERROR] [ERROR] CHEMBL4800145: Invariant Violation
	bad direction in linearSearch
	Violation occurred on line 224 in file Code/Numerics/Optimizer/BFGSOpt.h
	Failed Expression: status >= 0
	RDKIT: 2026.03.1
	BOOST: 

2026-03-29 22:31:52,484 [INFO] [PROCESS] CHEMBL3957572
2026-03-29 22:31:52,484 [INFO] [PREP] Подготовка молекулы: CHEMBL3957572
2026-03-29 22:31:52,484 [INFO] [PREP] Добавлены водороды: CHEMBL3957572
2026-03-29 22:31:52,484 [INFO] [PREP] Оптимизация геометрии: CHEMBL3957572
2026-03-29 22:31:52,484 [INFO] [CONVERT] Конвертация в PDBQT: CHEMBL3957572
2026-03-29 22:31:52,487 [INFO] [SAVE] Сохранён файл: task_2/output/CHEMBL3957572.pdbqt
2026-03-29 22:31:52,487 [INFO] [SUCCESS] CHEMBL3957572
2026-03-29 22:31:52,487 [INFO] [PROCESS] CHEMBL3934158
2026-03-29 22:31:52,487 [INFO] [PREP] Подготовка молекулы: CHEMBL3934158
2026-03-29 22:31:52,487 [INFO] [PREP] Добавлены водороды: CHEMBL3934158
2026-03-29 22:31:52,487 [INFO] [PREP] Оптимизация геометрии: CHEMBL3934158
2026-03-29 22:31:52,511 [ERROR] [ERROR] CHEMBL3934158: Invariant Violation
	bad direction in linearSearch
	Violation occurred on line 224 in file Code/Numerics/Optimizer/BFGSOpt.h
	Failed Expression: status >= 0
	RDKIT: 2026.03.1
	BOOST: 

2026-03-29 22:31:52,511 [INFO] [PROCESS] CHEMBL3461502
2026-03-29 22:31:52,511 [INFO] [PREP] Подготовка молекулы: CHEMBL3461502
2026-03-29 22:31:52,511 [INFO] [PREP] Добавлены водороды: CHEMBL3461502
2026-03-29 22:31:52,511 [INFO] [PREP] Оптимизация геометрии: CHEMBL3461502
2026-03-29 22:31:52,512 [INFO] [CONVERT] Конвертация в PDBQT: CHEMBL3461502
2026-03-29 22:31:52,514 [INFO] [SAVE] Сохранён файл: task_2/output/CHEMBL3461502.pdbqt
2026-03-29 22:31:52,514 [INFO] [SUCCESS] CHEMBL3461502
2026-03-29 22:31:52,514 [INFO] [PROCESS] CHEMBL3982666
2026-03-29 22:31:52,514 [INFO] [PREP] Подготовка молекулы: CHEMBL3982666
2026-03-29 22:31:52,514 [INFO] [PREP] Добавлены водороды: CHEMBL3982666
2026-03-29 22:31:52,514 [INFO] [PREP] Оптимизация геометрии: CHEMBL3982666
2026-03-29 22:31:52,515 [INFO] [CONVERT] Конвертация в PDBQT: CHEMBL3982666
2026-03-29 22:31:52,517 [INFO] [SAVE] Сохранён файл: task_2/output/CHEMBL3982666.pdbqt
2026-03-29 22:31:52,517 [INFO] [SUCCESS] CHEMBL3982666
2026-03-29 22:31:52,518 [INFO] [PROCESS] CHEMBL4109555
2026-03-29 22:31:52,518 [INFO] [PREP] Подготовка молекулы: CHEMBL4109555
2026-03-29 22:31:52,518 [INFO] [PREP] Добавлены водороды: CHEMBL4109555
2026-03-29 22:31:52,518 [INFO] [PREP] Оптимизация геометрии: CHEMBL4109555
2026-03-29 22:31:52,534 [ERROR] [ERROR] CHEMBL4109555: Invariant Violation
	bad direction in linearSearch
	Violation occurred on line 224 in file Code/Numerics/Optimizer/BFGSOpt.h
	Failed Expression: status >= 0
	RDKIT: 2026.03.1
	BOOST: 

2026-03-29 22:31:52,534 [INFO] [PROCESS] CHEMBL494995
2026-03-29 22:31:52,534 [INFO] [PREP] Подготовка молекулы: CHEMBL494995
2026-03-29 22:31:52,534 [INFO] [PREP] Добавлены водороды: CHEMBL494995
2026-03-29 22:31:52,534 [INFO] [PREP] Оптимизация геометрии: CHEMBL494995
2026-03-29 22:31:52,550 [ERROR] [ERROR] CHEMBL494995: Invariant Violation
	bad direction in linearSearch
	Violation occurred on line 224 in file Code/Numerics/Optimizer/BFGSOpt.h
	Failed Expression: status >= 0
	RDKIT: 2026.03.1
	BOOST: 

2026-03-29 22:31:52,550 [INFO] [PROCESS] CHEMBL3699816
2026-03-29 22:31:52,550 [INFO] [PREP] Подготовка молекулы: CHEMBL3699816
2026-03-29 22:31:52,551 [INFO] [PREP] Добавлены водороды: CHEMBL3699816
2026-03-29 22:31:52,551 [INFO] [PREP] Оптимизация геометрии: CHEMBL3699816
2026-03-29 22:31:52,567 [ERROR] [ERROR] CHEMBL3699816: Invariant Violation
	bad direction in linearSearch
	Violation occurred on line 224 in file Code/Numerics/Optimizer/BFGSOpt.h
	Failed Expression: status >= 0
	RDKIT: 2026.03.1
	BOOST: 

2026-03-29 22:31:52,568 [INFO] [PROCESS] CHEMBL1346176
2026-03-29 22:31:52,568 [INFO] [PREP] Подготовка молекулы: CHEMBL1346176
2026-03-29 22:31:52,568 [INFO] [PREP] Добавлены водороды: CHEMBL1346176
2026-03-29 22:31:52,568 [INFO] [PREP] Оптимизация геометрии: CHEMBL1346176
2026-03-29 22:31:52,568 [INFO] [CONVERT] Конвертация в PDBQT: CHEMBL1346176
2026-03-29 22:31:52,571 [INFO] [SAVE] Сохранён файл: task_2/output/CHEMBL1346176.pdbqt
2026-03-29 22:31:52,571 [INFO] [SUCCESS] CHEMBL1346176
2026-03-29 22:31:52,571 [INFO] [PROCESS] CHEMBL104844
2026-03-29 22:31:52,571 [INFO] [PREP] Подготовка молекулы: CHEMBL104844
2026-03-29 22:31:52,571 [INFO] [PREP] Добавлены водороды: CHEMBL104844
2026-03-29 22:31:52,571 [INFO] [PREP] Оптимизация геометрии: CHEMBL104844
2026-03-29 22:31:52,587 [ERROR] [ERROR] CHEMBL104844: Invariant Violation
	bad direction in linearSearch
	Violation occurred on line 224 in file Code/Numerics/Optimizer/BFGSOpt.h
	Failed Expression: status >= 0
	RDKIT: 2026.03.1
	BOOST: 

2026-03-29 22:31:52,587 [INFO] [PROCESS] CHEMBL3976526
2026-03-29 22:31:52,587 [INFO] [PREP] Подготовка молекулы: CHEMBL3976526
2026-03-29 22:31:52,587 [INFO] [PREP] Добавлены водороды: CHEMBL3976526
2026-03-29 22:31:52,587 [INFO] [PREP] Оптимизация геометрии: CHEMBL3976526
2026-03-29 22:31:52,587 [INFO] [CONVERT] Конвертация в PDBQT: CHEMBL3976526
2026-03-29 22:31:52,590 [INFO] [SAVE] Сохранён файл: task_2/output/CHEMBL3976526.pdbqt
2026-03-29 22:31:52,590 [INFO] [SUCCESS] CHEMBL3976526
2026-03-29 22:31:52,590 [INFO] [PROCESS] CHEMBL1386741
2026-03-29 22:31:52,590 [INFO] [PREP] Подготовка молекулы: CHEMBL1386741
2026-03-29 22:31:52,590 [INFO] [PREP] Добавлены водороды: CHEMBL1386741
2026-03-29 22:31:52,590 [INFO] [PREP] Оптимизация геометрии: CHEMBL1386741
2026-03-29 22:31:52,590 [INFO] [CONVERT] Конвертация в PDBQT: CHEMBL1386741
2026-03-29 22:31:52,592 [INFO] [SAVE] Сохранён файл: task_2/output/CHEMBL1386741.pdbqt
2026-03-29 22:31:52,592 [INFO] [SUCCESS] CHEMBL1386741
2026-03-29 22:31:52,592 [INFO] [PROCESS] CHEMBL1644677
2026-03-29 22:31:52,592 [INFO] [PREP] Подготовка молекулы: CHEMBL1644677
2026-03-29 22:31:52,592 [INFO] [PREP] Добавлены водороды: CHEMBL1644677
2026-03-29 22:31:52,592 [INFO] [PREP] Оптимизация геометрии: CHEMBL1644677
2026-03-29 22:31:52,593 [INFO] [CONVERT] Конвертация в PDBQT: CHEMBL1644677
2026-03-29 22:31:52,595 [INFO] [SAVE] Сохранён файл: task_2/output/CHEMBL1644677.pdbqt
2026-03-29 22:31:52,595 [INFO] [SUCCESS] CHEMBL1644677
2026-03-29 22:31:52,595 [INFO] [PROCESS] CHEMBL4565308
2026-03-29 22:31:52,595 [INFO] [PREP] Подготовка молекулы: CHEMBL4565308
2026-03-29 22:31:52,595 [INFO] [PREP] Добавлены водороды: CHEMBL4565308
2026-03-29 22:31:52,595 [INFO] [PREP] Оптимизация геометрии: CHEMBL4565308
2026-03-29 22:31:52,605 [ERROR] [ERROR] CHEMBL4565308: Invariant Violation
	bad direction in linearSearch
	Violation occurred on line 224 in file Code/Numerics/Optimizer/BFGSOpt.h
	Failed Expression: status >= 0
	RDKIT: 2026.03.1
	BOOST: 

2026-03-29 22:31:52,605 [INFO] [PROCESS] CHEMBL4556129
2026-03-29 22:31:52,605 [INFO] [PREP] Подготовка молекулы: CHEMBL4556129
2026-03-29 22:31:52,605 [INFO] [PREP] Добавлены водороды: CHEMBL4556129
2026-03-29 22:31:52,605 [INFO] [PREP] Оптимизация геометрии: CHEMBL4556129
2026-03-29 22:31:52,606 [INFO] [CONVERT] Конвертация в PDBQT: CHEMBL4556129
2026-03-29 22:31:52,609 [INFO] [SAVE] Сохранён файл: task_2/output/CHEMBL4556129.pdbqt
2026-03-29 22:31:52,609 [INFO] [SUCCESS] CHEMBL4556129
2026-03-29 22:31:52,609 [INFO] [PROCESS] CHEMBL3922226
2026-03-29 22:31:52,609 [INFO] [PREP] Подготовка молекулы: CHEMBL3922226
2026-03-29 22:31:52,610 [INFO] [PREP] Добавлены водороды: CHEMBL3922226
2026-03-29 22:31:52,610 [INFO] [PREP] Оптимизация геометрии: CHEMBL3922226
2026-03-29 22:31:52,610 [INFO] [CONVERT] Конвертация в PDBQT: CHEMBL3922226
2026-03-29 22:31:52,613 [INFO] [SAVE] Сохранён файл: task_2/output/CHEMBL3922226.pdbqt
2026-03-29 22:31:52,613 [INFO] [SUCCESS] CHEMBL3922226
2026-03-29 22:31:52,613 [INFO] [PROCESS] CHEMBL352017
2026-03-29 22:31:52,613 [INFO] [PREP] Подготовка молекулы: CHEMBL352017
2026-03-29 22:31:52,613 [INFO] [PREP] Добавлены водороды: CHEMBL352017
2026-03-29 22:31:52,613 [INFO] [PREP] Оптимизация геометрии: CHEMBL352017
2026-03-29 22:31:52,630 [ERROR] [ERROR] CHEMBL352017: Invariant Violation
	bad direction in linearSearch
	Violation occurred on line 224 in file Code/Numerics/Optimizer/BFGSOpt.h
	Failed Expression: status >= 0
	RDKIT: 2026.03.1
	BOOST: 

2026-03-29 22:31:52,630 [INFO] [PROCESS] CHEMBL1308413
2026-03-29 22:31:52,630 [INFO] [PREP] Подготовка молекулы: CHEMBL1308413
2026-03-29 22:31:52,630 [INFO] [PREP] Добавлены водороды: CHEMBL1308413
2026-03-29 22:31:52,630 [INFO] [PREP] Оптимизация геометрии: CHEMBL1308413
2026-03-29 22:31:52,644 [ERROR] [ERROR] CHEMBL1308413: Invariant Violation
	bad direction in linearSearch
	Violation occurred on line 224 in file Code/Numerics/Optimizer/BFGSOpt.h
	Failed Expression: status >= 0
	RDKIT: 2026.03.1
	BOOST: 

2026-03-29 22:31:52,644 [INFO] [PROCESS] CHEMBL348133
2026-03-29 22:31:52,644 [INFO] [PREP] Подготовка молекулы: CHEMBL348133
2026-03-29 22:31:52,645 [INFO] [PREP] Добавлены водороды: CHEMBL348133
2026-03-29 22:31:52,645 [INFO] [PREP] Оптимизация геометрии: CHEMBL348133
2026-03-29 22:31:52,662 [ERROR] [ERROR] CHEMBL348133: Invariant Violation
	bad direction in linearSearch
	Violation occurred on line 224 in file Code/Numerics/Optimizer/BFGSOpt.h
	Failed Expression: status >= 0
	RDKIT: 2026.03.1
	BOOST: 

2026-03-29 22:31:52,662 [INFO] [PROCESS] CHEMBL3646377
2026-03-29 22:31:52,662 [INFO] [PREP] Подготовка молекулы: CHEMBL3646377
2026-03-29 22:31:52,662 [INFO] [PREP] Добавлены водороды: CHEMBL3646377
2026-03-29 22:31:52,662 [INFO] [PREP] Оптимизация геометрии: CHEMBL3646377
2026-03-29 22:31:52,663 [INFO] [CONVERT] Конвертация в PDBQT: CHEMBL3646377
2026-03-29 22:31:52,666 [INFO] [SAVE] Сохранён файл: task_2/output/CHEMBL3646377.pdbqt
2026-03-29 22:31:52,666 [INFO] [SUCCESS] CHEMBL3646377
2026-03-29 22:31:52,666 [INFO] [PROCESS] CHEMBL3649287
2026-03-29 22:31:52,666 [INFO] [PREP] Подготовка молекулы: CHEMBL3649287
2026-03-29 22:31:52,666 [INFO] [PREP] Добавлены водороды: CHEMBL3649287
2026-03-29 22:31:52,666 [INFO] [PREP] Оптимизация геометрии: CHEMBL3649287
2026-03-29 22:31:52,667 [INFO] [CONVERT] Конвертация в PDBQT: CHEMBL3649287
2026-03-29 22:31:52,670 [INFO] [SAVE] Сохранён файл: task_2/output/CHEMBL3649287.pdbqt
2026-03-29 22:31:52,670 [INFO] [SUCCESS] CHEMBL3649287
2026-03-29 22:31:52,670 [INFO] [PROCESS] CHEMBL3646372
2026-03-29 22:31:52,670 [INFO] [PREP] Подготовка молекулы: CHEMBL3646372
2026-03-29 22:31:52,670 [INFO] [PREP] Добавлены водороды: CHEMBL3646372
2026-03-29 22:31:52,670 [INFO] [PREP] Оптимизация геометрии: CHEMBL3646372
2026-03-29 22:31:52,671 [INFO] [CONVERT] Конвертация в PDBQT: CHEMBL3646372
2026-03-29 22:31:52,674 [INFO] [SAVE] Сохранён файл: task_2/output/CHEMBL3646372.pdbqt
2026-03-29 22:31:52,674 [INFO] [SUCCESS] CHEMBL3646372
2026-03-29 22:31:52,674 [INFO] [PROCESS] CHEMBL3461559
2026-03-29 22:31:52,674 [INFO] [PREP] Подготовка молекулы: CHEMBL3461559
2026-03-29 22:31:52,674 [INFO] [PREP] Добавлены водороды: CHEMBL3461559
2026-03-29 22:31:52,674 [INFO] [PREP] Оптимизация геометрии: CHEMBL3461559
2026-03-29 22:31:52,675 [INFO] [CONVERT] Конвертация в PDBQT: CHEMBL3461559
2026-03-29 22:31:52,677 [INFO] [SAVE] Сохранён файл: task_2/output/CHEMBL3461559.pdbqt
2026-03-29 22:31:52,677 [INFO] [SUCCESS] CHEMBL3461559
2026-03-29 22:31:52,677 [INFO] [PROCESS] CHEMBL3986453
2026-03-29 22:31:52,677 [INFO] [PREP] Подготовка молекулы: CHEMBL3986453
2026-03-29 22:31:52,677 [INFO] [PREP] Добавлены водороды: CHEMBL3986453
2026-03-29 22:31:52,677 [INFO] [PREP] Оптимизация геометрии: CHEMBL3986453
2026-03-29 22:31:52,678 [INFO] [CONVERT] Конвертация в PDBQT: CHEMBL3986453
2026-03-29 22:31:52,680 [INFO] [SAVE] Сохранён файл: task_2/output/CHEMBL3986453.pdbqt
2026-03-29 22:31:52,680 [INFO] [SUCCESS] CHEMBL3986453
2026-03-29 22:31:52,680 [INFO] [PROCESS] CHEMBL3946996
2026-03-29 22:31:52,680 [INFO] [PREP] Подготовка молекулы: CHEMBL3946996
2026-03-29 22:31:52,680 [INFO] [PREP] Добавлены водороды: CHEMBL3946996
2026-03-29 22:31:52,680 [INFO] [PREP] Оптимизация геометрии: CHEMBL3946996
2026-03-29 22:31:52,701 [ERROR] [ERROR] CHEMBL3946996: Invariant Violation
	bad direction in linearSearch
	Violation occurred on line 224 in file Code/Numerics/Optimizer/BFGSOpt.h
	Failed Expression: status >= 0
	RDKIT: 2026.03.1
	BOOST: 

2026-03-29 22:31:52,701 [INFO] [PROCESS] CHEMBL3699817
2026-03-29 22:31:52,701 [INFO] [PREP] Подготовка молекулы: CHEMBL3699817
2026-03-29 22:31:52,701 [INFO] [PREP] Добавлены водороды: CHEMBL3699817
2026-03-29 22:31:52,701 [INFO] [PREP] Оптимизация геометрии: CHEMBL3699817
2026-03-29 22:31:52,718 [ERROR] [ERROR] CHEMBL3699817: Invariant Violation
	bad direction in linearSearch
	Violation occurred on line 224 in file Code/Numerics/Optimizer/BFGSOpt.h
	Failed Expression: status >= 0
	RDKIT: 2026.03.1
	BOOST: 

2026-03-29 22:31:52,718 [INFO] [PROCESS] CHEMBL3894759
2026-03-29 22:31:52,719 [INFO] [PREP] Подготовка молекулы: CHEMBL3894759
2026-03-29 22:31:52,719 [INFO] [PREP] Добавлены водороды: CHEMBL3894759
2026-03-29 22:31:52,719 [INFO] [PREP] Оптимизация геометрии: CHEMBL3894759
2026-03-29 22:31:52,735 [ERROR] [ERROR] CHEMBL3894759: Invariant Violation
	bad direction in linearSearch
	Violation occurred on line 224 in file Code/Numerics/Optimizer/BFGSOpt.h
	Failed Expression: status >= 0
	RDKIT: 2026.03.1
	BOOST: 

2026-03-29 22:31:52,735 [INFO] [DONE] Успешно: 16, Пропущено: 14
